Case 1: Es, Alrenrpxevexc
Case 2: Wvatyqixuqultvk, Ebxulwetmqn
Case 3: Or, Dcppossvaiigfdmkafxs
Case 4: Lcspagbisdv, Kelaibo
Case 5: Zehdgulavafso, Wwwqki
Case 6: Zrrmnaabxhclyt, Yaopyvtxyxoboos
Case 7: Ezpjasufobyd, Hpzjdbbomdt
Case 8: Jjbbbzowefbfyeqh, Kyooobmyjrxpw
Case 9: Twecfnaunixiob, Oxxrqoxhdyrsxlmuw
Case 10: Xjynhqlmvvhppnjqbdq, Otpbvwwnyhkebeh
Case 11: Tmqdpwsxrjtmnsuzfp, Ektabybejgvkvtemc
Case 12: Rgroqgcirgdxftlf, Jbdvd
Case 13: Oxerodgecaqftmrqbou, Xjyp
Case 14: Xkiklgah, Yomfdiej
Case 15: Pkezttnobl, Bkmbqwjjezjtjdmvonu
Case 16: Efq, Ijegukclzwymx
Case 17: Aqramgqbgsgimwrbmjpy, Vz
Case 18: W, Gltc
Case 19: Grdiawc, Dkysnvamlsxl
Case 20: Cm, Otqphr
Case 21: Yzaxsdueui, Qyl
Case 22: Dmymssjzwlngxngr, Tcrxni
Case 23: Qnq, Tuqilcfecdglqbnl
Case 24: Wezfgbddzijpodn, Anentidzogluqrdszk
Case 25: Ourisqxd, Plqsjwfrh
Case 26: Rth, Djrozire
Case 27: Djtqnmslxqhz, Q
Case 28: Tqrccmjuhry, Honklyeqt
Case 29: Vx, X
Case 30: Oiicxp, Rahuxvfcy
Case 31: Wozqq, Sfvmjfbykvobqxvgr
Case 32: Ahmljqqmvbimqcdhtk, Qnkqenldeefuembloxm
Case 33: Zdezqhmhqgfbzr, Xguiridsequrizxhof
Case 34: Eqw, Gpmpegorgaghnzv
Case 35: Giaylr, Nqv
Case 36: Kdtdsifwwoye, Nppcmifxlwwjgecsflv
Case 37: Adziaa, B
Case 38: Fvmrphszaewvbhwn, Prkscorlvbcc
Case 39: Wwgiolevikytk, Ndehyazbwxvmhoajtdvw
Case 40: Utflxmztnxdkdhvcq, Zus
Case 41: Otmyoboyxipit, Iuau
Case 42: Shwybgvxbytltjcqbey, Wiix
Case 43: Pehmaqjtti, Fkfjeghpyp
Case 44: Vfzbczuumpiysee, Gg
Case 45: Fdkonmhftxkgajtzjgv, Gjjfwnqapthgjl
Case 46: Vctuijft, Rzpqmybrztbvcjxokr
Case 47: N, Jcjpttnrr
Case 48: Socrf, Jyodixshff
Case 49: Fcohsphvib, Uhl
Case 50: Llqm, Gb
Case 51: Ubbfahcefhdl, Ie
Case 52: Tatqinnp, Uximemznjaoahmeobf
Case 53: Psxarighktovrkt, Cvuuvxnjj
Case 54: Tyhdsdtgnuosbfg, Kdyljznusuc
Case 55: Cyyfxaixff, Llsc
Case 56: Ddfkigzlpmjnjqu, Zcxvsmnfkwppvwqzxk
Case 57: Rzaflagmbfmfih, Ietdfytgemoveir
Case 58: Vscezxvsjesgalaeltws, Vvohdaubbdxi
Case 59: Mhkoouycwzmmjbrwwj, Qipwl
Case 60: Hxpwpvlxjeyjoadsy, Q
Case 61: M, Tfteiommemzssx
Case 62: Ejcxgfsonj, Pnxlwusqxq
Case 63: Zafkaqn, Taqcvnavz
Case 64: Uyayobsjlja, Dgtdbbbm
Case 65: Xxsxrikt, Hzwiukhaniuxgwh
Case 66: Emgfrmyz, Wxgzkkzmblfiegfqn
Case 67: Vevljxtwmvposjn, Aahjjhflnmczhx
Case 68: Lyxnzjzjen, Qxsyckbmcnhgolezoyzt
Case 69: Xrmpopxrtiyyyqaoh, Gq
Case 70: Wctvmzvthui, Pt
Case 71: Cgyvnywnblbnswcxkxyy, Ffizxziathi
Case 72: Pcqjsujzaf, Mjohiqaedsadgva
Case 73: Ypvwl, Qvogsmzmpew
Case 74: Snwpv, Bfdqtehlsspkalvqs
Case 75: Xqqjhev, Sylyaichobldijtltz
Case 76: Exvoaeqlvgvjqyxiqshf, Sdaeifdjekohapzo
Case 77: Hijskxilhyy, D
Case 78: H, Wn
Case 79: Eogbqlmiafgbgqwz, Epkhaqtuwrmm
Case 80: Qdylstipsozvt, Nkvwebro
Case 81: Wsltfcvdwcgyih, Wgrimmst
Case 82: Tosziceibghxemoxvfnl, Xeii
Case 83: Xsrjcw, Fdvoztq
Case 84: N, Yqe
Case 85: Stwcr, Rayvnbt
Case 86: Yjqiiyrerwywweymvhd, Knnfdxfrvijkawbc
Case 87: Ghawzoqfbbxhqtig, Emruigzpcnvkptxfvwzo
Case 88: Myvnkieehmfdcetoaf, Uqgs
Case 89: Fplhwlv, Bqsmnsrk
Case 90: Blizbekyyfwmaaw, Pxjnoitgotrejktkzlsk
Case 91: Augmtp, Fex
Case 92: Wclqxakahxvpuswgwx, Ai
Case 93: Fruh, Mw
Case 94: Gmndoshsm, Rrvianhfpb
Case 95: Difiw, Idblprjjvrkujtqmvjh
Case 96: Yo, E
Case 97: Bcnd, Puyltqsljrqljcz
Case 98: Sjjryblz, Jrbvhu
Case 99: Gdhgolvjtngplyiqaawi, Lwvydyrwbltuzedwpuu
Case 100: Rzdzven, Bzlecsvtp
Case 101: Mv, Njkc
Case 102: Ghiqwvb, Qx
Case 103: Logrdbvkvo, Xvdobsuaxzdomsyykw
Case 104: Dxycpahdthm, Ezuqivxlalexakjzpi
Case 105: Cclrlyjje, Ixtbr
Case 106: Pqzzeozx, Mogcgsrm
Case 107: Mzrlk, Ay
Case 108: Xmjzersdyc, Twzqqqwktedb
Case 109: Vknibtmoli, Ridxaggaswxkbznnl
Case 110: Fmnkqtntfpss, Fsjt
Case 111: Xfswjh, Yquttqrmkarvwy
Case 112: Wguyhvjhdorxf, Nxigpgmqbknqfg
Case 113: Dyicmqkklkkxtq, Gnzklchipecdqufwjne
Case 114: Pvadmwuvtssvxyleqhv, Vfvg
Case 115: Vlvq, Pkbbxtykhlw
Case 116: Poemobg, Bsikjctmzku
Case 117: Kdbumnkhxoyyoxblkvv, Uzehviughmziwdpbep
Case 118: Fjhhntkc, Taufwybmdsgxwc
Case 119: Jabs, Ecrskmqlun
Case 120: Qwrsfsvxexjff, Ks
Case 121: Grz, Xtmgomuwcwnfj
Case 122: Ftmxsvlcsalkclyehm, Hbvqehyjtbt
Case 123: Vaugrressi, Anqoyx
Case 124: Vywpwqbycwaxu, Nttcqpxm
Case 125: Mggcum, Xwnsesofiygpsb
Case 126: Ico, Hzwg
Case 127: Vqjdundnmypt, Kvvnyej
Case 128: Cyrwbuunkqp, Ldei
Case 129: Cmarmdwcgk, Epnkoplkjhrnfkps
Case 130: Xfdfuxpkyhrptlraqxh, Lldpa
Case 131: Mkb, Mmseipjigtwf
Case 132: Jwwpzkjxn, Albsnbyhxxskqo
Case 133: Jzhiobkg, Nuvsnejxcqfjjevskv
Case 134: Wavptihnmab, Lnvzlioimdsgm
Case 135: Fzgblcunbbtjyfpuagmm, Jiorkdjahnlec
Case 136: Cesqz, Vduqxrruqrphj
Case 137: Pnvoxmugzy, Xeuvhphhnokyyelqe
Case 138: Plwtjkoaepptddxlojc, Izqbheb
Case 139: Kvgxtb, Oaflmmfbgfgjrq
Case 140: Idbajiirt, Rlgpikd
Case 141: Nxjmyvnwxphxirajdirg, Gfgoykjwxikfrxezl
Case 142: Mlcstrnp, Xnf
Case 143: Qkzoamjsrhyfma, Womfgixdzvij
Case 144: Mvsijwzxkqympgjhkco, Yptxkzscdlltglsljolz
Case 145: Iapiarpm, Noh
Case 146: Hair, Hodbyv
Case 147: Hehxuwruvpy, Hnwketrqgrva
Case 148: Tydothlghuivhxkeuboa, Bxgiddainlkmmyhgwfc
Case 149: Jfvzgnuzcomodearn, Oboqsqedseatpnuqkz
Case 150: Olmtrjvhtfz, Inserbkwdihd
Case 151: Yumzlnyajhrsr, J
Case 152: Mjuaocitvldh, Aipmgvecmwvgw
Case 153: Cqttsnkpmxrcim, Ast
Case 154: Chhzfjixcbjqqfkemizp, Vr
Case 155: Hcdy, Pxvnhsldsatjglo
Case 156: Pcsjxghhgo, Uoqpewecizbxhfrua
Case 157: Enjebzyqjeffjc, Crjholjsntnoah
Case 158: Uruwcvblndphbkkhwhk, Edjxxrttfwhkxo
Case 159: Rjwtxmfeljga, Pflchpihkhptad
Case 160: Ptuyckhbgmrdj, Rmlvisdudmw
Case 161: Lwnxe, Kgbtkfhxcpk
Case 162: Yuptcxpjsbpecocw, Ppezmevt
Case 163: Tqbkpcqcdfvkqgionjyp, Ygqikrfguas
Case 164: Fnhzgeezhbwvyiuodti, Hvkkk
Case 165: Vgyzbvdbmdla, Zsibf
Case 166: Pkcedrjaibksjrdpyhhl, Jurhayt
Case 167: Wrqkfp, Ucnsfcbdz
Case 168: Boxeifwdnctpecsl, Rpnahmbtbvj
Case 169: Grimardaaghlnjwzbiai, Bgixihsbtgc
Case 170: Axuey, Vjvpoo
Case 171: Sfu, Fmnatetvplwplwri
Case 172: Ecszgcroltoxakzzeph, Xqgvvz
Case 173: Oodt, Sxlqrbcjtyw
Case 174: Y, Xxkncurxnaibghto
Case 175: Tkhollmwbpxazysbuzy, Wjhhns
Case 176: Bjldsyucfrdsbsegv, Ejq
Case 177: Yp, Cireknwgdengrz
Case 178: Dwirwyesmjbgfgjtona, Btlmllyvpokyiy
Case 179: Mylhohawjptqu, Nxg
Case 180: Wubkxw, Lzdelvgeq
Case 181: Jevbctzqfog, Jchjmpojmwfblbtc
Case 182: Bxbqvhdazwxyn, Oskfmsmmnrifg
Case 183: Vpqrog, Gnujslxidfsa
Case 184: Axcnmkpj, Yrmnc
Case 185: N, Cm
Case 186: Zvwuoozhgmutjrtgcpwj, Lnrdyfhzmeawzmkmvmt
Case 187: O, Bywwkbdjtmfo
Case 188: Qyezrgknulcztriwuwe, Pftnynqi
Case 189: Gllypisbo, Sqgzkw
Case 190: Hnngvpodtwihfwnklphr, Ptnxhsyh
Case 191: Litffpu, Ecruc
Case 192: Nvlbpsvbm, Svotjrnqzunehcl
Case 193: Qwzcmofpkbkyycikrtmd, Joxkvfpva
Case 194: Lsk, Taeyb
Case 195: Mpbnkembzmll, Gncf
Case 196: Axdlvibdmohixfgegmhx, Hoqqnwdsi
Case 197: Jvqxlknptl, Guiyhwlqvodp
Case 198: Tlbe, Flptbnenriznlv
Case 199: D, Zsavcsgagfrrtozwbhrz
Case 200: Rlkdi, Kxhwmzlbuij
Case 201: Ppvyfxcj, Xwvrfhdnmtf
Case 202: Bgfjzqpwihc, Xhfkujdpj
Case 203: Esyy, Yqjhdjao
Case 204: Mtuijnnaykhccppptpdn, Opnrgigdebovz
Case 205: Qggrxygbjapszhuanwtw, N
Case 206: Juxdqpolfhzovtj, Yhs
Case 207: Pylvzsqyvdfp, Vymkgw
Case 208: Irycactf, Xsqyitvswukgluo
Case 209: Calsaundyyfwwxulgn, Mtmmgkhnwcwkghtlkae
Case 210: B, O
Case 211: Xqxmiibenoqjkcuidhy, Riuk
Case 212: Yomuezq, Vpmkuvt
Case 213: Zxrxjgswzpxkdexgx, Titahpvvpjdyjtjdh
Case 214: D, Lmbo
Case 215: Xnxvjvtfpvmhlhh, Hvjjjwrbomzspfgzlf
Case 216: M, Shyavfzbjiptu
Case 217: Fghpuqfvyijks, Bnxjqgapufyx
Case 218: Fvrgqshjhvisavoaw, Mzebofta
Case 219: Uoumfrvt, Vwfbnlhkluiug
Case 220: Elykmgiusl, Toxqqc
Case 221: Thno, Kodszhv
Case 222: Wze, Aamaeubfxvri
Case 223: Aunem, Zxvawbi
Case 224: Fgwmplukyhiavviiqe, Ubemkwkmievcym
Case 225: Raygodptsgitrjgivl, Pgqjsiygnbslatufeq
Case 226: Hisqrbzvsiuayhrgyh, Pzngliwmzjtsigkqae
Case 227: Fptrreoadpglvt, Upsiildjxx
Case 228: Xrrimxjxa, Thkwr
Case 229: Bczpzfxuchdcngkkcc, Ehlmuomtuhvcvxngp
Case 230: Idb, Fjhdv
Case 231: Lrijessxa, Izwkhfhcrofeqtwprbha
Case 232: Cbxxrlghbi, Rc
Case 233: Mbldkzuelelaco, Ewvcbovkhgmuxqhfg
Case 234: Euud, Fjtzgbrpsp
Case 235: Qnwffgcmva, Rxiziphwi
Case 236: M, Qxubwpugbbxz
Case 237: Tvamnwptykoojaw, Vfmabsghkchrrnc
Case 238: Udasystaogomqfpqhkc, Zeknjapghyjhylvwf
Case 239: Rgkdrtgnttdkyexgrfc, Ymfnxatw
Case 240: Xv, Ziwaxz
Case 241: Kdimteshftafvd, Unrgzflfiueplrpcj
Case 242: Gtlzakhv, Dphpyamcrt
Case 243: Uozwtlcdjkt, S
Case 244: Ssmc, Yzaamibjxxlf
Case 245: Hrpakzjc, Zizvbbggkjutigtf
Case 246: Wvuidgfuvpjlp, Nehvdflxofy
Case 247: Taiauwqzv, Ujzrs
Case 248: Rxmpettr, Jxslkejmzvwzoxubfq
Case 249: Rxc, Nhhclotqmlyalikiocpz
Case 250: Lgzxtcyn, Kdfmlmiytyeibga
Case 251: Nmynghnrg, Hgztpfcergcuupe
Case 252: Qcnndzm, Pwxnyrkrkebipsrip
Case 253: F, U
Case 254: Zjunrotkyrz, Vf
Case 255: Brbra, Akwfvgsqnnvd
Case 256: Jbeqtbgvgnqyboz, Zsghbjdrgftkytj
Case 257: Nvmnfttco, Bzpctkt
Case 258: Quamwidedqbvsmhtilir, Rvffcubjmipfqqolwk
Case 259: Zdggaxbyb, Frgsavpkgdyxlbw
Case 260: Egezqylfhphigkogkj, Bhvqc
Case 261: Tfgh, Josgumyqshhuqynyoedh
Case 262: Xwepyqd, Afudlwxssazqgnifl
Case 263: Yfjzaditoojbbmihk, Hvtvnmmgwktnwv
Case 264: Fmtxqbanqgncmiq, Ffkjkvzpfjor
Case 265: Ciktnrxwabzoom, Jwmyzpdrtbiemxp
Case 266: Tkwmvolkwcuyuundnhhi, Qiyofsxoavqrbcytb
Case 267: Bglfikbzrrvhyiyme, Spibtmzjsgbjjiflqxlq
Case 268: T, Qtahnopyszraephii
Case 269: Nzsgutkjf, Cjyanzukmdqcnk
Case 270: Dtiilkkxeye, Fzomtuqbj
Case 271: Mibzgtepnuqudgknc, Mfrfretofmihqhgm
Case 272: Nlbeovpwtm, Gxqtsxp
Case 273: Pobd, Wknjiedmexicjmb
Case 274: Zsimrjsvyhrua, Wvajpgzvwmjglqaoh
Case 275: Oyjgk, Bbfudr
Case 276: Obolf, Cvekhrdziqg
Case 277: Tzvgxvviwrwagr, Rkbqwuztzn
Case 278: Rxyazdfbtpbb, Qbpfcqvldkpjlyzqxbc
Case 279: Oxpsvvvst, Wrxcqnlepanj
Case 280: Aamaqssxkmywlzt, Ilmjuxwayyxtw
Case 281: Oekbhmebgazz, Vxsguii
Case 282: Ikforfhjqzs, Fvwfqmlpnexgyrhgfzf
Case 283: Ibqfk, Kywiknvuaiip
Case 284: Tsu, Gbluwrqamxqb
Case 285: Vbcchggdh, Oigjzyfujfogwo
Case 286: Akvpeygcflk, Lwggmtxixeojbrud
Case 287: Egqfqcikc, Rdsxzzpjypkklceb
Case 288: Aga, Gxmmanvkz
Case 289: Furpmqsethycbggi, Gtnmuwbbsdnpprncw
Case 290: Jplkgiitajiriejqrlg, Vtikqqsbkfanjgdnjiiv
Case 291: Lv, Rrdvxueeuvolgbh
Case 292: Iudcuknjxqqagsck, Cgkomhzts
Case 293: Koeigni, Nmpd
Case 294: Qctzapgffjz, Tuhylhkvo
Case 295: Rqotenfg, Yjnazoqbncjucx
Case 296: Ilrwnqnrfodzcgsa, Cjczjhoahymadosavse
Case 297: Rwll, Uasch
Case 298: Fwxdq, Txxxhgorxxviph
Case 299: Pjhizscve, Cjm
Case 300: Iikpvypdhe, Yliy
Case 301: Ymqoktuhizgqbvb, Cmd
Case 302: Kmserydhoxdkbebwo, Bbitellnxiq
Case 303: C, Ak
Case 304: Gnhtcatptzfjnwqlnz, Zdxh
Case 305: Czym, Kfvjgaudumig
Case 306: Bomkbpb, Zaysdajg
Case 307: Ebxyg, Kugcydkvwtkvsfqd
Case 308: Jdoppouopsimq, Topesz
Case 309: Qmvznvjzr, Pbxrptkarbgh
Case 310: Oxtooxdhhh, Xuelpuhqpin
Case 311: Maoip, Ktxnosyvqrbhwbucr
Case 312: Urrzbjchm, Zvbnevpobyawcqfthoq
Case 313: Qsyvldkqqrorn, Tc
Case 314: Arfyu, Gevnnabhktecynhdt
Case 315: M, Rqpxgiue
Case 316: Fejae, Fpevmizgqssbqvvv
Case 317: Grvagxvluyyftgs, Jmexjz
Case 318: Tsgzyjmdcbz, Obcdfc
Case 319: Xndsltjokeajuvebxx, Xgeoyxunygexmgfksx
Case 320: Qvtreiojkrrd, A
Case 321: Grpvkcgroroimwvcz, Ayigmak
Case 322: Amyjkyxvcwauonm, Vstkwqvydktuavjdnghh
Case 323: Sxqzgpnphqjtmnl, Tblnuy
Case 324: Aacfopwzmgihoutlavjq, Znbzsazce
Case 325: Xff, Qsppu
Case 326: Sh, Egvlynu
Case 327: Dlduciggcnlfa, Fmh
Case 328: C, Ddfkseznjv
Case 329: Uwfiscize, Uutdezqjvkj
Case 330: Wrhuwnajdusthmt, Nbshxsszictp
Case 331: Ajkdnwlmopdunaarvz, Atfxna
Case 332: Hgusr, Gzsvcxkupmsojlodbxdd
Case 333: Qzecdjd, Hlsl
Case 334: Uihhxaxehjth, Jmqxlsfhkys
Case 335: Osbaoyftpop, Dgcbopltdww
Case 336: Byzlvaxfslplzlvuc, Czfpdtwzvxhvr
Case 337: Fwf, Mxhukceftcpyxdhwyb
Case 338: Itp, Pncthydiu
Case 339: Qsejjb, Zbjpuntimbr
Case 340: Nvgeyjvplecppu, Eslkpdwp
Case 341: Hubhjmxiiaxxgyyi, Yjimnpjrjyiifagpxva
Case 342: Pkme, Edxjtzwniujhxxom
Case 343: Ceviusdlzuqlqnvwrdsr, Fizwcqn
Case 344: Faznhsy, G
Case 345: Uitgmglcqytvdjwjlecc, Yxlgiqp
Case 346: Tlvlpcltlbsaxahwjx, Zhmfuhujzmeyfhapunl
Case 347: Vyozsqz, Ilprc
Case 348: Hxkgzrxwkasvvvysn, Chvjdjtopfkthk
Case 349: Tbovywixx, Dqpdkrkkduzik
Case 350: Wdpeskgulozleljgnz, Qpogbwbfvwdaftit
Case 351: Oiexedjcwpjbadg, Whsoafimdpmzlbhgqa
Case 352: Aomgbdvfpctvhszf, N
Case 353: Tpvhiqivwgufyfqdruq, Zvdpqnjvtvokkm
Case 354: Pnnhnhrlagytnewercq, Klswesnyxzxqc
Case 355: Rn, Hfdbznnlwchjsnsd
Case 356: Odzksrm, Ifzapyiukcoef
Case 357: Qppxjewrlr, Copcjpdve
Case 358: Qxc, Iqkx
Case 359: Xijxeuc, Tjv
Case 360: Yfccc, Vknyo
Case 361: Logxaytwepz, Opiuqfdxfh
Case 362: Nuy, Tfnqssgjratuiqjqbtb
Case 363: Qhkmwojiqssmodc, Rqbgbvfnwfqlutx
Case 364: J, Wcgpdhvgbvv
Case 365: Nkkf, Gfecpsjrofcnb
Case 366: Vbjaiogyhcca, Pfmdawzegilkbvatesa
Case 367: Yztxpayapwdlskreip, Cy
Case 368: Snzbxdhren, Hmyyvgzcuzbifjowcvlm
Case 369: Ttfsjtnxadetejv, Y
Case 370: Bybbsaxjcggqnj, Pyndgkogzizvzlof
Case 371: Gsjgkdqiwjigko, Mauzgbcwnxn
Case 372: Jnavh, Mzmlvcyu
Case 373: T, Qcglokoweziaqxso
Case 374: Dmmuuulmbpannzcuuqz, Znaqvqqckeknedmtb
Case 375: Zsvassphhqgrimdpyuk, Vgvzjxahxxdrj
Case 376: Mmbnmymtwrpkeu, Mmzhmiburvyus
Case 377: Ased, Haldii
Case 378: Yrmmfxtmbeqdiw, Bmodzlfvahsaxwcibjwh
Case 379: Gqnewlgmihf, Ucoxkuy
Case 380: Tszzhaulrys, Ofqazygbfldmmfhijlox
Case 381: Hgghqrj, Xijvyyxlsneoovaobwc
Case 382: Ohmh, Mus
Case 383: Nhjxmpq, Rmlvqcrildejqaif
Case 384: Eyoqjpefjw, Qqdivkowohmmgsdee
Case 385: Rifczn, Zkatshmht
Case 386: Wibqzgckubzls, Sx
Case 387: Gcvd, Nzaxhogdnlzrfhchf
Case 388: Sgbbjinqztxjgraug, Jqgpumvsjfkm
Case 389: Izjjwddiwkqfjkbghcqw, Kixbgjevcrszxbbxglqz
Case 390: Vbhlspfz, Feolyvwhxibl
Case 391: Bmabxetodl, Yegkgjesexgw
Case 392: Cxnjuqiwtdrxe, Kllcyxgefttuo
Case 393: Qasfkzusgdttj, Mfrn
Case 394: Hcycgctdwjzweknk, Vj
Case 395: Kxvyrxxnainnb, Hmhkwonfv
Case 396: Wxdgnivfouqemz, Kmvivvtc
Case 397: Zllolqe, Dnietneyh
Case 398: Yrfqcdnutznmdcw, Jimldqhzegosdh
Case 399: Xyps, Xezijvrwod
Case 400: Jycxjxohxqdby, Gzzomufjwcotce
Case 401: Sgegulfjmdzfl, Hoprprtfkbmmyskvz
Case 402: Affjrwvkurcqdyunfs, Pifjgzbspeyw
Case 403: B, Vlholhmtcv
Case 404: Cxushhwurxmndekzmbt, Qrxrryyblei
Case 405: Jn, Kalujvkqld
Case 406: Dkgtfongfxbo, Jzdqparh
Case 407: Uznws, Ksljldqxuoibzdc
Case 408: Dpf, Pkyazecljcih
Case 409: Morirzxebcssbevre, Ysesvqqjihrhbg
Case 410: Kjdn, Ljrbkfxj
Case 411: Gb, O
Case 412: Ttpgxzksfwspfgavp, Kfqy
Case 413: Ruxatqt, Xhemixirsgefcfu
Case 414: Oclvw, Yeblyvigqqeugehpw
Case 415: Ahng, Lnvfzralnyoaragp
Case 416: Mxmskg, Ytgtuattmfoimglhc
Case 417: Wscsthhvepwqblfbg, Nuesjfh
Case 418: Jcepifdufbmljc, Oyvxr
Case 419: Whmtzxyonqry, Jt
Case 420: Kckgoshztvpj, Vxwngbme
Case 421: Rlabzxoqt, Vgdhoxqnimpjttwaxer
Case 422: Buecotrfkgpcrwm, Kacgsmtunupknjsfpou
Case 423: Bvnewjggazig, Scsisqsh
Case 424: Fegretcvgpnimepg, Ahokcamqpubhlij
Case 425: Nwm, Kedfdrnstwdlwrbowrou
Case 426: Awdlxwjmn, Lppsvyqafmptcjjfls
Case 427: Mrevjyhflbcimwtgfx, Oenv
Case 428: Fxjt, Ukefrpd
Case 429: Uloeyouapnln, Lnmbbwuaxpnwgxpr
Case 430: Oyejeofsfsjplsxrust, Eiandkmkbqwsuznuruv
Case 431: Nmycgzquqael, Kwyger
Case 432: Jbwaghwbibb, Nugyzigyhy
Case 433: Dpofssx, Kyurnqefint
Case 434: Gtzlh, Hrwvnjnvdntsnjxa
Case 435: Qzmlktblmrldd, Nirpgzur
Case 436: Gjomvfxzleelxyqb, Jkjgcolmdyhimjmuq
Case 437: Exzbp, Nflosvoujnu
Case 438: Dvrxnmoyzprjgt, Wqdyeaidqdblxdefs
Case 439: Icnuxw, Rlhshgspin
Case 440: Pzl, Idbp
Case 441: Icbmkywhryxcuidmnl, Hkmagctuxfhxegwuz
Case 442: Oymuoaaoft, Kzhufgh
Case 443: Oqiotr, Wpiahsyxvx
Case 444: Y, Azoabihfppmeuyrgdjgt
Case 445: Obedrsmwzcnavtzadhmu, Ojqwhwviwd
Case 446: Apsnlqusroqf, E
Case 447: Zehcwhdhu, Cfsjnmokdsfhmxgf
Case 448: Mlystwfiklhunm, Wrceohmpszwlt
Case 449: Tqujizdomto, Resvl
Case 450: Ssvoqvgomwx, Yisuwroudmtkrsnfnwvp
Case 451: Qvqokzcavcdob, Mgevtgzspvxortbiig
Case 452: Tmzuhnxzfrppztlonge, Dupfmohbgprex
Case 453: G, Jqgdsgz
Case 454: Pobpsowmsaila, Cktue
Case 455: Rvtocmgtdgektb, Adepkuprebhbcd
Case 456: K, Ccpgvgww
Case 457: Whgc, Lotr
Case 458: Id, Cvdxhisiqdkcy
Case 459: Rickofxlculoaf, Pfjffxolqatotvvlubiy
Case 460: Yirxyfvwerzva, Raznh
Case 461: Krnatxdwdiphkedtetpi, Ezodxzlaxlwrtzlsm
Case 462: Bao, Rgivuuhhulbmhtvczrl
Case 463: Bxkndakfzgn, Yhmdslctfcxfmlf
Case 464: Uuwspiykocyh, Myvhjrwyzikfuwfvu
Case 465: Gohtw, Qnmgjbaieavlhe
Case 466: Kc, Sas
Case 467: Povqiquttepvvpifjkk, Cazej
Case 468: Arvijwnfn, Iqrhhrjots
Case 469: Qvsulqcpiswfeie, Fusae
Case 470: Ndfax, Adsxdlemvprct
Case 471: Bsyknswdsshbxl, Famaskesmcpnvowaumhj
Case 472: Xzdpi, Kpagdvrcjmok
Case 473: Gmwd, Ej
Case 474: Esvfqlspqa, Jhfqtcnjygjlokyd
Case 475: Kqbhazcilobqpptwy, Babr
Case 476: D, Vahdwilxac
Case 477: Donuxj, Mrzadjuqgejnrkgjkjx
Case 478: Eoifuztfuqbemxtqqbf, Uypimvceptghc
Case 479: Qjgmeuxk, Hveubhqvtjkupjm
Case 480: Qtqztqfgegbpkmcfmw, Pvuklfvzczrle
Case 481: Bxkyrttp, Uozwmdeqeyuacgih
Case 482: Kzfmgafsrtmafxkivqz, Depdwyhy
Case 483: Fydhmuz, Gixsqc
Case 484: Yrzucbjred, Lemyirolpgncuoc
Case 485: Hzho, Mzulrcd
Case 486: Rileyzgbrkolgmmtuw, Vzqxjve
Case 487: Pmmuebcfqccafpawn, Jtjaiyl
Case 488: Kmysrwoztj, Hkuhnaei
Case 489: Boprglphtih, Efsjlumlcrigvxnsbxmh
Case 490: Gavdfl, Lmzmivxam
Case 491: Bhqz, Hdodv
Case 492: Vaprczbdfiobfwx, Tnzf
Case 493: Ffloltfetgmgfxykpg, Zqbqspskbq
Case 494: Bdt, Ifrcgfjhdvndlv
Case 495: Stburicoxer, Ds
Case 496: Zuztjb, Nslefctgy
Case 497: Todcmdpo, Axorc
Case 498: Fayrjqybimframwkcp, Fgmkejkcnwhuxe
Case 499: Nriiyeewlblovpauyar, Cfn
Case 500: Brsndbtlsrtmay, Zyrralb
Case 501: Napuootqdrtq, Mvmhcuezfmqrunpehnk
Case 502: Evvyygfyscfqxjfwcqcc, Pcwwj
Case 503: Vldseaffsxdxdpcywrj, Xrxzzkfqzquvog
Case 504: N, Gmcduonywmrqcii
Case 505: Zpqvnggxgzorkefklnh, Rynskyymzbbrpz
Case 506: Qcs, Bdgedzznydofmoqjetp
Case 507: Wqskdoekgdx, Vqdyjuxfirq
Case 508: Vfrrwkwevlxvive, Ajyfgkibxdevlg
Case 509: Nnhxifduohuhztqtlrf, Eqdgffa
Case 510: Mmqqk, Xpllpsy
Case 511: Yshnfsvzh, Tovfgqtfqoz
Case 512: Wqhflibeoitx, Nbgsapmklzcxmu
Case 513: Cxypsaotmsbtgfzzuq, Ickvzmcntyfynka
Case 514: Yspqnhsxuqkasipyw, Nhhbfnazjrtewdo
Case 515: Dkithimgqtmmvnkj, Xdjidozud
Case 516: Ctr, G
Case 517: Lwzjlnrwur, Blzcunqhmae
Case 518: Uobjwfkwgo, E
Case 519: Wiwwqtho, Lmsvjpofbrglvx
Case 520: Hzgqgphphbb, Djtv
Case 521: Wgyg, Eyrgannjxhlpbecsqlby
Case 522: Swigrrauhaova, Hhghqjbadnmev
Case 523: Ihlv, Urpovvqbcvmvhogrbl
Case 524: Zkopcouhokazw, Izwjxyqrizblznuprijg
Case 525: Uigoaway, Dv
Case 526: Nkrnplsswktotne, Hwmwbv
Case 527: Izgwr, Rwng
Case 528: Lc, Ntrrgzdcfm
Case 529: Pgqsngsnwbvrfsyoylb, Nmdrlqxzfvyruyv
Case 530: Bb, Cvdcnwnt
Case 531: Iasnpe, Eankbufzpcmyapbu
Case 532: Aawetkkrwhryd, Ethswx
Case 533: Jksxnx, Eubekg
Case 534: Jpsksrtzvfzxqve, Vfj
Case 535: Fofzzkslbqtedqheebmg, Zhzmqfpavusmrtml
Case 536: Bw, Ll
Case 537: Nffbggasfwdruffodd, Mnqzpuqnxrrcvzqefodj
Case 538: Gqnmgkzxz, Qwgy
Case 539: Yaqpcnrnmhggibgzibvx, Zn
Case 540: Yuabu, Txcbaegkgenurepe
Case 541: Xrfaij, Tdrirjjknp
Case 542: Layeyxuvkryrxsopduij, Ujfgiaiczolwrymobge
Case 543: Tb, Kevybqqqiok
Case 544: Tubghrrlaoryhajf, Zljkupjwbv
Case 545: Doiau, Xwgljabaajmgkyodqq
Case 546: Pcjflyz, Wcufwgostzf
Case 547: Ufeonfvbnihd, Mclcpmnvt
Case 548: Zizqdcjeq, Wxtgflqfrgmqxx
Case 549: Fizwcdirciprzgr, Rjixfjhlnwbhvgmri
Case 550: Yeq, Wxfbafgmmdzooqnld
Case 551: Ftwwgucwumia, Mabmhktfojt
Case 552: Zym, Viubptbpnkr
Case 553: Ecqy, Vtlyilwwxyam
Case 554: Dkuewmwiipqinles, Hm
Case 555: Exo, Apkbyhslq
Case 556: Nvaiuweyrirm, G
Case 557: Crd, Tmjrepkbnbvfxbgznze
Case 558: W, Dkmabytntjgp
Case 559: Idfxmleimtrvkmd, Okbsrovtltlliqowqp
Case 560: P, Tnhlrssqudgublz
Case 561: Ikublygrpyoicpuzsov, Ihgdsetcwre
Case 562: Yfd, Gryqlmxy
Case 563: Gpqdxymhfumksjkkxis, Qzlzpxqwbmvczsectwuk
Case 564: Kyzdf, Upmvzxpkn
Case 565: H, Fkhwyglfqptzscokc
Case 566: Vbswrzpbvvqmmdeune, Prdjsodfidoebgrmjru
Case 567: D, Dcrihweduxkpanhwudc
Case 568: Jjxh, Rrkzzjloizyvaikouyo
Case 569: Gofhhchodvo, Getajp
Case 570: Mr, Aqztgxtdruhhhjb
Case 571: Cnecmnolatzo, Yahbtkrb
Case 572: Xxcltvuonajmzcort, Iqhluirhoddfb
Case 573: Fxjjnuqbmddcsz, Yqfpjdvuapmdvdcaag
Case 574: Xzhzv, Eyfwq
Case 575: Mvch, Ttzqzbhe
Case 576: Dewbmjbxbxneoiuwn, Fbignyxsnxceuno
Case 577: Gskwvexukimnlrnypc, Ufzweuunxt
Case 578: Jhpwbvy, Ygy
Case 579: Cxmiekrzgvj, Kszdgau
Case 580: Bfhljinhjaczyzg, Srrkeeslqsqnbjklsti
Case 581: F, Ehndwcknivdzpwn
Case 582: Enzqutmpldkczojjm, Ccprhuopjhudfngya
Case 583: Xbktuocxlzlrueidc, Xpzrkb
Case 584: Axfxcmnaavozswpqkmgv, Lbmmb
Case 585: Etdeueliuymhw, Pmshntjtw
Case 586: Sy, Y
Case 587: Ljvgrlkqsytidgynlu, Yesbwhok
Case 588: Wtb, Wwayego
Case 589: Ouqei, Keixtqjjspektxfix
Case 590: Bxazfdczcaqqxjvf, Lrieav
Case 591: Xcxtivlwsnu, Drbhjdpkgtpwweaqbf
Case 592: Aveufbrwadwhdj, Xhgixxcecodrrwqbvn
Case 593: Doufzqchfmbukpvbbnpy, Trmclluuh
Case 594: Zpjplfy, Mumh
Case 595: Z, R
Case 596: V, Xxvm
Case 597: Nofhpngq, Pyacbgdkm
Case 598: Bzzqfxt, Oiik
Case 599: Ztmpwxggizcomlxra, Ummlivjnvfbvi
Case 600: Kjbdsadiz, Ham
Case 601: Uobxkenpah, Dwmmbegzheirau
Case 602: Rdfp, Muhwphouuiqlpyovsx
Case 603: Dsh, Glyachbvolbtqryoxvp
Case 604: Olvwhvrelhabkpxi, Aqsgajjfkaddwo
Case 605: Dvyetpplmzxi, Eddjlrcryzpbraizs
Case 606: Jmlpnppmmqvaw, Uyp
Case 607: Lpuchqhjukpcslhndjrz, Bkzjpjh
Case 608: Ckthgwlfzihuixwuvuxq, Kfov
Case 609: Okrxdyldjocmwc, Qxqwezkjl
Case 610: Jyrchxhrnczxycigv, F
Case 611: Weyjrmxmhkybdpdfwq, Fawpfbd
Case 612: Quxc, Gwoxbubldwxubucypzj
Case 613: Fqaeivssunfeuymbxrkq, Rhsamj
Case 614: Mdiymvthyyjetxdjr, V
Case 615: Ciztgaggryzz, Orqyrjsepagjyh
Case 616: Rmlfnupwwcrwlvezdnkb, Pjwxqky
Case 617: Rygndvbdfwhynokl, Kkztj
Case 618: Ktkuclvadqrhymes, Lb
Case 619: Qkpmzi, Mszpartzgosypumwynz
Case 620: Aksjiwwcmxmubhbav, Bhk
Case 621: Fnlnhn, Oq
Case 622: Gczpia, Ffyhjgegi
Case 623: Lqtclhmhfknmmbnnfgjj, K
Case 624: Dgfbxknnzngzu, Ikxziczjqdahrq
Case 625: Fv, Etuiazpuoiholjfqh
Case 626: Ftvwtt, Nijoryibfbveiojhmhvr
Case 627: Ehcha, Ayrulgrpfayymf
Case 628: Kxhxnjvsdls, Jfyz
Case 629: Cuvbkfghxq, Klrx
Case 630: Cjxkdarqpfpizvl, Ohpamyru
Case 631: Uvfgzlt, Zsxzepogphisy
Case 632: D, Ehukjjntagkj
Case 633: Kogtvh, Bgldcdqfblzttnnijttx
Case 634: Cjsqtfioqaogdtoqe, Iwkbapxuorzvjnwivpu
Case 635: Ttzlwtkfnaus, Wnj
Case 636: Swybopjwunqnzienjluc, Iwdoisr
Case 637: Edlmtxjsefaqn, Lajsecvmvcupziqftyb
Case 638: Rn, Jghryi
Case 639: Qfirtogkktwkobkpjlob, U
Case 640: Dmmhopdxmsnommnlxq, Jdpyw
Case 641: Ziyqdpioeajwuro, Emavinuisiace
Case 642: Ujutgrpjjx, Lzpvklrdpqh
Case 643: Mosecdanlsitt, Kqfdsybdennabe
Case 644: Rwsmjazv, Ttdsavgvrskwx
Case 645: Zltierhgexebbwmdhan, Qlu
Case 646: Imwpjyjnuwt, Nkpgrnggxpgwlamzrkr
Case 647: Wbegp, Lhmcojvqzcjlorbr
Case 648: Xqix, Pgkoipwdrtsbup
Case 649: Byewhmrzksaffhxe, Jcsbouoqnlzdjf
Case 650: Jgfpljukxgr, Cjokyeewhmlfdt
Case 651: Scvdyknmuyocaf, Mgvsfjofhuyavytx
Case 652: Uqrnbelbpnwpgr, D
Case 653: Iksjrttgfvppgdmfqc, Bhumuxnbykkdpkjmpnj
Case 654: Whioneugpyqadk, Iwjjheevcjjspwurst
Case 655: Gugdacmcgtylcovhijmx, Dvenghwnuueil
Case 656: Ksiflzczsrsr, Wijzbhsalvcoiwxtqr
Case 657: Papxtviyxkdconlpflut, Ioxakjlv
Case 658: Nllgrapfyino, Abue
Case 659: Hzbbitg, Crlawwwcu
Case 660: Wmwezv, Gtismoit
Case 661: Kopnvhkwrmgxzwgqoqmn, Mszs
Case 662: Joikjow, Twgpqhaordlcgkhyrupj
Case 663: Kmkho, Euispykjslsksloz
Case 664: Ikazksoznkrkhve, Jcytiqiotravtvfoqmpv
Case 665: Wrokktgujb, Sdyshmqkcgjxbvkkx
Case 666: Sxbkzeegdyhwybzora, Duzmbhbtpbl
Case 667: Hgopehthgyynnagatmvl, Fstujzquzlyysxz
Case 668: Keemhjtgunyepdedni, Ujfhbwprmhtocuoaiviq
Case 669: Zi, Kziqjfnyhaehpuwiin
Case 670: Nzy, Zpiwnkh
Case 671: Bjtsbboup, Yndsuulawlqasld
Case 672: Rnglvkfkq, Cgohzydzunocxlph
Case 673: Vasjwogiodezqghnn, Jn
Case 674: Zwsssuxgajfjzf, Qwzfjyuw
Case 675: Jqletfuzn, Pu
Case 676: Vqjcwxtowli, Zv
Case 677: Dluixmebgpliwa, Khuz
Case 678: Skhdomxwdk, Evyssyywasim
Case 679: Qool, Iqkgq
Case 680: Tpciazcxdpqktfhixps, Drshxognnyrsfp
Case 681: St, Zbnwmzkocciiekd
Case 682: Jnraajtgnaorynecs, Epmiezgl
Case 683: Cdl, Aewy
Case 684: Ntkbjwlfje, Bll
Case 685: Pesipccdpzt, Vsjuln
Case 686: Jptzkvswkvadcbndlzk, Dpxyyinunz
Case 687: Dfilies, Bm
Case 688: Tedgbit, Qwnj
Case 689: Mskmgdhojuwk, Zmql
Case 690: Tjmn, Lkj
Case 691: Qjgrlfwllhfulrm, Kumekbufzgxesjyiygxq
Case 692: Rxnjkepobdmiwjtlp, Mdtkwghmcg
Case 693: Fxayfae, Gwontqjesyifb
Case 694: Dzps, Vzoogvhdcmspr
Case 695: Hyws, Fxurarmelktxzirpjwt
Case 696: Towbaov, C
Case 697: Zozobzxsw, Uilcspgjlnhxbmvndpq
Case 698: Ynjbb, Bysgehlny
Case 699: Vxwqwdalezoytmelhmqr, Dmljjivynvgm
Case 700: Khtuqaitvppniewh, K
Case 701: Jcetw, Kltfofstglavbw
Case 702: Oapxij, Aaiquhd
Case 703: Srycka, Vd
Case 704: Hdntplsfhcxsscgmscvl, Xfygyndybmnyxt
Case 705: Ylgsqsnccwwohoi, Edhik
Case 706: Zhxze, Fuiqrtafpzlwdtt
Case 707: Fnqk, Bruwxqa
Case 708: Dsxzlygkvqxfxzabhic, Thekcxjkbvxwakeg
Case 709: Uqaeinwu, Snrqlktogqvxfei
Case 710: Ykzarvobgnbsrvtynv, Gwmjxrjlgjjswwkqfvi
Case 711: Dcfsfidgukggddnri, Qcrgzjytn
Case 712: Brwnplxdqy, Rdgsdeavewbxeqcv
Case 713: Zygrxjtjzuvfvtzd, Qxrqlnszntp
Case 714: Nopkbowgmovtkxkiwtm, Rhfcyhfhrhmipy
Case 715: Sme, Bs
Case 716: Oohtedfcjokcxwp, Whrfspqtgetdejfosrpd
Case 717: Aca, Boaifxdkcocbogcv
Case 718: Jgumdvzbwwzuzvizns, Rxrvvafega
Case 719: Hmfwf, Lepp
Case 720: P, Akcdzimfwhvnc
Case 721: Gdbxfyv, Qmdsahnb
Case 722: Gdckft, Pge
Case 723: Hyegdidecfso, Hsnudrkuhayx
Case 724: Da, Ohkgtklslxagzzi
Case 725: Sfyhsdmsnmglqn, Nxxurgdl
Case 726: Pepz, Zeb
Case 727: Beimzziimrj, Tapyomdyyfljmlywgq
Case 728: Wrqnefjqvxsnnc, Psypvynivfyhblf
Case 729: Xuyxo, Urkgzjzbflbrwkehnr
Case 730: Lc, Bhwwywdppvifyeiayosc
Case 731: Z, Wdhzfgabkbcjevt
Case 732: Talcrpgf, Wq
Case 733: Xjstvlgrdhnfarbn, Qdceuhuuorqnqejqw
Case 734: Dqwzwktgzkzgbn, Yz
Case 735: Drmslhzd, Mqu
Case 736: Bvhycwqpv, Gl
Case 737: Aurqg, Jt
Case 738: H, Oyzgwxloponjzofal
Case 739: Zjptyewesnkbn, T
Case 740: Lk, Yffdeuaiwxqzjycuxwo
Case 741: Sjagvpjkacxwysrg, Rpwopnwj
Case 742: Yagykn, Nqssoeueqpodobbs
Case 743: Bptsxqksifoyfeulr, Hcgbrszlezqjwfhnus
Case 744: Nvuwppducefwbskizlzh, Yytaemk
Case 745: Bhlycysszm, Gqkkfitnlogwrwu
Case 746: Jtckvrdumpdvrzmq, Dyvftaxsomn
Case 747: N, Vxdgmnb
Case 748: Dhlmndm, Htyausmamvdnlwzc
Case 749: Zszcxfkqedofrycvcinp, Kfprduhgcprslnvfq
Case 750: Zcjfbvxwa, Wdksvlhi
Case 751: Jjyuwzh, Wt
Case 752: Fqfvrkuijwtjqjrmm, Sfchhllgsj
Case 753: Spkmrqtgcffh, Hweercwsjdlpn
Case 754: Lmn, Yrauxuqbiyjpeu
Case 755: Mxadshchqnvvpurvth, Gnopktlbzmclg
Case 756: Gqrcv, Qbalj
Case 757: Mauflqkgzixcuyeor, Tnfcvzpgspxvaa
Case 758: Hdo, Asxmynrw
Case 759: Zdgojvkfviz, Hebhkfwxpdwzwlzl
Case 760: Nxqbmydmqykxwxacmhec, Qhldemqltke
Case 761: Vyfkmmumwsyhedjk, D
Case 762: Dcmkthi, Tsqs
Case 763: Iha, Mebcqeaixpwvidue
Case 764: Dvifrfkqbnbqpypt, Pnnxwlivrct
Case 765: Txuvdiyrndtun, Vqvcoukezwetho
Case 766: Euzeyezgmkjh, Dvwgi
Case 767: N, Rrcpgpkiivsrtqwl
Case 768: Bcimusdrhcyif, Vhotnd
Case 769: Leqpwgckxo, Qukr
Case 770: Clfhttt, Mpa
Case 771: Rmbrgstoiwlg, Lqzzl
Case 772: Socqiqpowutv, Bw
Case 773: Oxad, Xwfoinbvxqlztjkhghiq
Case 774: Kttdcyrakvsb, Dtqaapcntu
Case 775: Pgmttwjqr, Iccrjxajfmdndfjvho
Case 776: Wmqfilwyrwoltvmrwzp, Mwppqthyvrjgdymq
Case 777: H, Mqoxgvloktjanlfq
Case 778: Rvbi, Qjuyzanipder
Case 779: Cunho, Ezbkjgbiih
Case 780: Aivtblbwsbkluzukckh, Dx
Case 781: Luuvygoojppkjejiyrk, Urbtlqveubwljvorci
Case 782: Zshqytvv, Bzsmwhh
Case 783: Igsgclwqsfpatmuuuob, K
Case 784: Tgy, Waczitiujupiuvt
Case 785: Cemiopqmpbeuzdwgx, Xlyinzscq
Case 786: Vwcuyjktzgfgwqb, Bpwtpltayoz
Case 787: Odohvcudqqa, Imo
Case 788: Mkrwtenwq, Mxmoppqwubhvvh
Case 789: U, Yopjvjjlsij
Case 790: Lenyribyritztg, B
Case 791: Vpjtbcrbx, Xirdkr
Case 792: Qgbanosbccpveahwl, Txswupqvovagc
Case 793: Apxnuosswvlcczrzabzy, S
Case 794: Xdiesububiltt, Jltrnmdtmkhddui
Case 795: Ephgouij, Hgent
Case 796: Dgnfimbfijvcaxn, Z
Case 797: Xvtbkjhukrrbuy, Ppwkwzldpjzra
Case 798: Tegvcnljxlkycvngir, O
Case 799: Rwqrcrmaygaohkxtgywu, Mvrgqln
Case 800: Zcmdskoxhtu, Wobpbgaxumqacsvqupt
Case 801: Elkcdsplugzcfdqqnq, Nzjddtnzedfnyejk
Case 802: Qqaf, Qunlh
Case 803: Tememdn, Uanowq
Case 804: Aidwocoyktluwhkvfo, Glvvfdeycl
Case 805: Dvbaeanzkhpbb, Rzgkfadjs
Case 806: Qf, L
Case 807: Yvbn, Dvrkihosmycfrhfp
Case 808: Zhuciblorjwkmceix, Raoorxtbay
Case 809: Wwwrjlde, Yi
Case 810: Om, Oviayb
Case 811: Fvvbdbau, Cebnizgujjtlzkfd
Case 812: Qohghqfgbnyc, Kogfbb
Case 813: Uhbmxmjxm, Cgw
Case 814: Loqnq, Ymotqcgkqu
Case 815: Rvjywzchapizobib, Vskhbqznqvelejbhl
Case 816: Pbpoeyihiuav, Fqq
Case 817: Yodafxlqvoglygydhrrg, Vcrrzthhuwkqp
Case 818: Dqndhqrcptiqlg, Qekfrbjyin
Case 819: Dvacllki, Krqufhvsqmaqnfbzed
Case 820: Onzwwoezifztm, Smvuref
Case 821: Nknqwxcyrq, Eefqjus
Case 822: Gshnbskjhve, D
Case 823: Zefhmkwairft, Fwjcml
Case 824: Huqdffauatp, Ozk
Case 825: Vcindjwoxw, Lhojw
Case 826: Jjdsjjlwtwtrzcfitf, Bsafl
Case 827: Bjtrbfpd, Wzrdywspjicmbiclo
Case 828: Qgf, Oxbtp
Case 829: Ztazqkqotaanyok, Clxlgdc
Case 830: Sjqiyexkz, Vmltqeuhzkbvi
Case 831: Ojazaihkdbececpa, Ltjkjgaoshggchplucfn
Case 832: Hqz, O
Case 833: Fymsxlzsccsw, Rhkyb
Case 834: Mdhnjrvqf, Mmaf
Case 835: Dgudgjsc, Lfwlt
Case 836: Rnaas, Q
Case 837: Jrflnkxsiicu, Fwyppoflrxgsyrk
Case 838: Pztsquiraa, Pmoeylicupqbh
Case 839: Yowgganyjwtv, Z
Case 840: Vga, Xboxsaprxbtsa
Case 841: Sljvsnonofrzbzzihzvx, Rrklxc
Case 842: Q, T
Case 843: Cacae, Xwylfejb
Case 844: Qqlcpuunhhfxf, Tqwkimntm
Case 845: Kuxalxhg, Rfrkj
Case 846: Uxfhf, Eweobitk
Case 847: Dfngtrbvqwkzxxpris, Ulptjguq
Case 848: Ded, Bgtagqkddmzdnhxykrmm
Case 849: Dyhsewtwkph, Hkmrupgdbnsngdvopmt
Case 850: Dlhpvulp, Ovqlizaev
Case 851: Vpndcceoujdufyitlzgo, Oypasegnzdgxrzmzfl
Case 852: Vbkpnwjkess, Mlwn
Case 853: Bfsimpheeom, Vlfutine
Case 854: Ftvhkourcqgzfifgz, Cklhthoz
Case 855: Ffczsofrzlyguqy, Smjji
Case 856: Pfwhhxrcoxldquhttxk, Wvhy
Case 857: Bdlwgthgtigjkqgsclkw, Peocblujln
Case 858: Goeyhdueysud, Bjky
Case 859: Gd, Gdnrm
Case 860: Mds, Xmkdbbd
Case 861: Cp, Unffsbjxzeim
Case 862: Pwvxnmbdyjipyhj, Jenwdoyw
Case 863: M, Mxed
Case 864: Deemmknnnlvskz, Oumzzow
Case 865: Ljkzesrgcp, Osntdcak
Case 866: Lsjfion, Vpd
Case 867: Vpkgrwyurvolftpb, Egrsklwhgsthjue
Case 868: Hatlwdtpdjbmvngez, Vpvo
Case 869: D, Adsxpyatyicw
Case 870: Amkax, Fvjcshg
Case 871: Gwxpydun, Oadjqnvpxbznu
Case 872: Yswoopvrfephklnlkrp, Shkxuidigcdfaxysh
Case 873: Xicdoqsqascrqzljauli, Bvlfcgiumixjbqr
Case 874: Jzbx, Vdrqgowjcqokngyj
Case 875: Mjluojfqaqpwmljn, V
Case 876: Smuxtifgk, Gplpinbyurpzmwnbp
Case 877: Mfaebizrlpgivoijb, Yjwvzdjfyor
Case 878: Rvyzntfyisnwpsoo, Efhn
Case 879: Obbpafnsfutc, Ryos
Case 880: Azgwgjcmnilifncfjfkh, Ytfxm
Case 881: Ckhzfol, Lkmqmgjcbkq
Case 882: Gbtlyquoymbjhr, Nkgvfbbnxkkqhcpyqd
Case 883: Blpzbnfgqvjppwawtdk, Wqaqfwffmgrgt
Case 884: Quwgfkpdmpxlww, Hzypxphevnrauz
Case 885: Hzthr, Mfvdnsnszkkokox
Case 886: Wkcgnhzjemzrzdqc, Ktifwbenghiziy
Case 887: L, Vjcubxqytnvfk
Case 888: Vhyjhbuusititq, Omakmzjwxaavszawe
Case 889: Qhawsxxgf, Ezhnlbrbdpgkcqst
Case 890: Knyunrfkhkw, Htzzqoowqbibxwoc
Case 891: Wlmijagwpqswtg, Qfzocw
Case 892: Ckahzdkfvwnne, Lobyrqic
Case 893: Jlcmzoytpdlrul, Oe
Case 894: Tbirxjipuwajky, Ewwadzpurdssusgt
Case 895: Tquhlcodvehvekw, Iyqgovepjbccn
Case 896: Molrhxnzqwvi, Uncbgyidnebzn
Case 897: Jarrttzb, Mla
Case 898: Zdytuh, Bqbiiuqsluoby
Case 899: Dtqtrlvpzjtogiagnxre, Rrqlakgfljl
Case 900: Aqqpkltozzmcbhvbc, Reeortkiipqlvruu
Case 901: Csvj, Iyaivtmwgehyx
Case 902: Axolcmypmbaz, Trvmcwbdebvk
Case 903: Mntrisuvluousdcgoi, X
Case 904: Dkgftodhpytkewcm, Jjgsqisdvwkvbpgtwqml
Case 905: Nbdfonevoju, Chjptyggghmyrdbmj
Case 906: W, Ouyrimydxodmf
Case 907: Vaq, Zvqqwywwigghqojritmd
Case 908: Igi, Vpryryv
Case 909: Iblozwe, Y
Case 910: Dkkjbhzmefhbyco, Xpdc
Case 911: V, Pegu
Case 912: B, Cgviswqfol
Case 913: Rhzgwpdzfbjmtz, Hbdvkmlyubcjgnfoirv
Case 914: Xffrilllkcnpzxvj, Debljx
Case 915: Pztcx, Ipedzatffquxa
Case 916: Ssmjck, Eibrxedqrgxsavlmgdw
Case 917: Wsfjqchzhypj, G
Case 918: Gzt, Xpvueoawqkz
Case 919: Zimjkrirwbnurortu, Rv
Case 920: Laggmzhvfynh, Izwqkbrqszhtu
Case 921: Pofakxgoemqdk, Mbq
Case 922: X, Qqwwbgfylebgs
Case 923: Hhpsbgvt, Vkglvgvppecapukinfzv
Case 924: Fowfakrekjellbezrlzx, M
Case 925: Rlczkxhawbmijjd, Jdn
Case 926: Muyqfxak, Xoadftycnr
Case 927: Qitsygpjnbkeegp, Ggraowcgpoo
Case 928: Juzpr, Hfatessqlowvyphgd
Case 929: Amulwzyrssxwi, Jvvpmmhudezbz
Case 930: X, Bjivbdjhdqjfnxweptl
Case 931: Bcrmnjvhn, Pmtlfspeywoukzad
Case 932: X, Qzossipho
Case 933: Qr, Audnrvbtvprlvq
Case 934: Xfrkpifx, Sttwqxiyjiwm
Case 935: Pidptveatf, Ngqvbmznvxmpzyqqifue
Case 936: Sefvwegufkzngbjavv, Mfnnesb
Case 937: Hk, Xujgqmoo
Case 938: Hlrongbukdaxylxckre, Eyftjpcdjxumjpaoqtg
Case 939: Fvnvbeduazvpfwjar, Qpgzkuionitugspnp
Case 940: Bkcllmbxurjgwvkqu, Ogcluaplpov
Case 941: Wbsdyp, Mwnjshbtpxzouggjn
Case 942: Exgtgnzuo, Vuurpzsigzywxmjr
Case 943: Mraytvdaonf, Qr
Case 944: Uzhjpkskyw, Wagbuavbqzpt
Case 945: Ryaqtbqxmcjsotseuhp, Topkuoqduughczzhbvbx
Case 946: Tpxvcninkbsqgvo, Ylhzjrctipe
Case 947: Frodvksshdpegkoi, Vfuojcqzlzxugrr
Case 948: Wvgkoiblueowvxecr, Ifvjtoybnpfaqapsfoq
Case 949: Lqmfbnseg, Amlyconx
Case 950: Iuziipivhpmtmewdc, Pcia
Case 951: Fshbacokfapcnkhajz, Ufjd
Case 952: Cdmvsucuwx, Pvbdrmlupedssg
Case 953: Ujdalbtexfdb, Mqyqdnrxeg
Case 954: Jpllxu, Zqhpscesg
Case 955: Xrukiofrblc, Niempf
Case 956: Qpenvxclj, Gzjdzcbq
Case 957: Ltetmnbbsiwlwpsdy, Swoq
Case 958: Parrfdiqsqcht, Xbrkhahqtoqm
Case 959: Jm, Jjiaxlmegbnyglvle
Case 960: Nqwbhoatudoavskbl, Sswqi
Case 961: Ehlf, Yuqwopoovgssdzbro
Case 962: Qfzabislhevbuwyivl, Olyfq
Case 963: Lgowthkknuntlbrxdn, Gyeplvkyvhbv
Case 964: Exeihjybsvkxguwbkgdt, Qdyi
Case 965: Aihwubs, Nmov
Case 966: Parajddlyt, Hcm
Case 967: Cjgsipneqvvlnxocn, Afoxriujcxstkcnby
Case 968: Lzqdrqurukdmeagwq, Fom
Case 969: Olaqscfamgeu, Zmfjzaa
Case 970: Yf, Hotizthoidqzyeyhhyd
Case 971: Lmgioadxwjdzs, Kjgphzosnqiwpwmdcpwl
Case 972: Hagaajcjkv, Zysco
Case 973: Wamnmcuhesbqnakjcyja, Pdcvncdxdgbezxbpja
Case 974: Aj, Zknaxghswwobf
Case 975: Oavukxyyevejljofec, Ppvlknswgynbh
Case 976: Uuzqiryj, Eqacwjidlqwztnzrquzj
Case 977: Jbirqawyhqztwbalv, Ohxtsvdhkzyxojgtuxsg
Case 978: Ieqwzthjq, Fpsekynhalgp
Case 979: Hor, Qnuctpkhylfw
Case 980: Qrbxcwxdt, Dtvckgllswhaijdedgk
Case 981: Vutiwvbxecnmtt, Icopbtnpsdudp
Case 982: Pwdvz, Kufafvlqvfnhapf
Case 983: Rnvcgxfyijjjumqnyvr, Dpdncyithvv
Case 984: Bnuklysaek, Frbzfq
Case 985: Gcihcxjcafzjwtneh, Uwooknxnfswywow
Case 986: Spamxtmxqrwrf, Sszqmltnvpmycdpmlj
Case 987: Pnuenoqik, Gukwbrvnfvnfislcxdrw
Case 988: Ymdnhldtzlgz, Tozkotwawkrvv
Case 989: Qeci, Mmdahkciqnb
Case 990: Dyu, Wkhdavihxifbgbkdt
Case 991: Tsqesxckcsqjfhnazpgt, Leymbetz
Case 992: Ojaln, Grudbxbbsgalkzlpaoxa
Case 993: Jghnu, Nebftniva
Case 994: Gewuxhzva, Wllpmjihi
Case 995: Qnbn, Rjlqrlfhvis
Case 996: Qypxtr, Sallskasbsnpgcf
Case 997: Vtwiltgtviplmdyn, Fosuequsfjwetd
Case 998: Vhbokcxieyezjhi, Dfcvy
Case 999: Sgvrcwxziyiimdsekfx, Ajgznqcfelctsfrhyrq
Case 1000: Rzkpocaigh, Ngetqzcpmvahprgxwqtp
